<?xml version="1.0" encoding="UTF-8"?>
<testsuites>
  <testsuite name="" tests="34" assertions="47" errors="0" warnings="0" failures="2" skipped="0" time="0.495252">
    <testsuite name="Screenly Cast Test Suite" tests="34" assertions="47" errors="0" warnings="0" failures="2" skipped="0" time="0.495252">
      <testsuite name="ScreenlyCast\Tests\TestCore" file="/var/www/html/wp-content/plugins/screenly-cast/tests/test-core.php" tests="4" assertions="5" errors="0" warnings="0" failures="1" skipped="0" time="0.106378">
        <testcase name="testActivate" class="ScreenlyCast\Tests\TestCore" classname="ScreenlyCast.Tests.TestCore" file="/var/www/html/wp-content/plugins/screenly-cast/tests/test-core.php" line="42" assertions="1" time="0.094318"/>
        <testcase name="testDeactivate" class="ScreenlyCast\Tests\TestCore" classname="ScreenlyCast.Tests.TestCore" file="/var/www/html/wp-content/plugins/screenly-cast/tests/test-core.php" line="50" assertions="1" time="0.005330"/>
        <testcase name="testInit" class="ScreenlyCast\Tests\TestCore" classname="ScreenlyCast.Tests.TestCore" file="/var/www/html/wp-content/plugins/screenly-cast/tests/test-core.php" line="58" assertions="2" time="0.003975">
          <failure type="PHPUnit\Framework\ExpectationFailedException">ScreenlyCast\Tests\TestCore::testInit
Unexpected incorrect usage notice for add_theme_support( 'title-tag' ).
Theme support for &lt;code&gt;title-tag&lt;/code&gt; should be registered before the &lt;code&gt;wp_loaded&lt;/code&gt; hook. (This message was added in version 4.1.0.)
Failed asserting that an array is empty.

/tmp/wordpress-tests-lib/includes/abstract-testcase.php:643
/tmp/wordpress-tests-lib/includes/abstract-testcase.php:655
/var/www/html/wp-content/plugins/screenly-cast/vendor/yoast/phpunit-polyfills/src/TestCases/TestCasePHPUnitGte8.php:84</failure>
        </testcase>
        <testcase name="testAddQueryVars" class="ScreenlyCast\Tests\TestCore" classname="ScreenlyCast.Tests.TestCore" file="/var/www/html/wp-content/plugins/screenly-cast/tests/test-core.php" line="67" assertions="1" time="0.002754"/>
      </testsuite>
      <testsuite name="ScreenlyCast\Tests\TestIntegration" file="/var/www/html/wp-content/plugins/screenly-cast/tests/test-integration.php" tests="4" assertions="9" errors="0" warnings="0" failures="0" skipped="0" time="0.197914">
        <testcase name="testPluginActivation" class="ScreenlyCast\Tests\TestIntegration" classname="ScreenlyCast.Tests.TestIntegration" file="/var/www/html/wp-content/plugins/screenly-cast/tests/test-integration.php" line="19" assertions="4" time="0.031328"/>
        <testcase name="testThemeDeactivation" class="ScreenlyCast\Tests\TestIntegration" classname="ScreenlyCast.Tests.TestIntegration" file="/var/www/html/wp-content/plugins/screenly-cast/tests/test-integration.php" line="42" assertions="1" time="0.030755"/>
        <testcase name="testSettingsIntegration" class="ScreenlyCast\Tests\TestIntegration" classname="ScreenlyCast.Tests.TestIntegration" file="/var/www/html/wp-content/plugins/screenly-cast/tests/test-integration.php" line="53" assertions="2" time="0.019254"/>
        <testcase name="testWordPressHooks" class="ScreenlyCast\Tests\TestIntegration" classname="ScreenlyCast.Tests.TestIntegration" file="/var/www/html/wp-content/plugins/screenly-cast/tests/test-integration.php" line="66" assertions="2" time="0.116577"/>
      </testsuite>
      <testsuite name="ScreenlyCast\Tests\TestPluginPaths" file="/var/www/html/wp-content/plugins/screenly-cast/tests/test-plugin-paths.php" tests="6" assertions="6" errors="0" warnings="0" failures="0" skipped="0" time="0.001250">
        <testcase name="testGetPluginDir" class="ScreenlyCast\Tests\TestPluginPaths" classname="ScreenlyCast.Tests.TestPluginPaths" file="/var/www/html/wp-content/plugins/screenly-cast/tests/test-plugin-paths.php" line="17" assertions="1" time="0.001114"/>
        <testcase name="testGetPluginUrl" class="ScreenlyCast\Tests\TestPluginPaths" classname="ScreenlyCast.Tests.TestPluginPaths" file="/var/www/html/wp-content/plugins/screenly-cast/tests/test-plugin-paths.php" line="21" assertions="1" time="0.000073"/>
        <testcase name="testGetThemeDir" class="ScreenlyCast\Tests\TestPluginPaths" classname="ScreenlyCast.Tests.TestPluginPaths" file="/var/www/html/wp-content/plugins/screenly-cast/tests/test-plugin-paths.php" line="25" assertions="1" time="0.000018"/>
        <testcase name="testGetThemeUrl" class="ScreenlyCast\Tests\TestPluginPaths" classname="ScreenlyCast.Tests.TestPluginPaths" file="/var/www/html/wp-content/plugins/screenly-cast/tests/test-plugin-paths.php" line="29" assertions="1" time="0.000015"/>
        <testcase name="testGetAssetsDir" class="ScreenlyCast\Tests\TestPluginPaths" classname="ScreenlyCast.Tests.TestPluginPaths" file="/var/www/html/wp-content/plugins/screenly-cast/tests/test-plugin-paths.php" line="33" assertions="1" time="0.000014"/>
        <testcase name="testGetAssetsUrl" class="ScreenlyCast\Tests\TestPluginPaths" classname="ScreenlyCast.Tests.TestPluginPaths" file="/var/www/html/wp-content/plugins/screenly-cast/tests/test-plugin-paths.php" line="37" assertions="1" time="0.000016"/>
      </testsuite>
      <testsuite name="ScreenlyCast\Tests\ScreenlyCastAdminTest" file="/var/www/html/wp-content/plugins/screenly-cast/tests/test-screenly-cast-admin.php" tests="3" assertions="6" errors="0" warnings="0" failures="0" skipped="0" time="0.009453">
        <testcase name="test_wp_version_compatibility" class="ScreenlyCast\Tests\ScreenlyCastAdminTest" classname="ScreenlyCast.Tests.ScreenlyCastAdminTest" file="/var/www/html/wp-content/plugins/screenly-cast/tests/test-screenly-cast-admin.php" line="54" assertions="2" time="0.001437"/>
        <testcase name="test_admin_init_with_incompatible_version" class="ScreenlyCast\Tests\ScreenlyCastAdminTest" classname="ScreenlyCast.Tests.ScreenlyCastAdminTest" file="/var/www/html/wp-content/plugins/screenly-cast/tests/test-screenly-cast-admin.php" line="69" assertions="2" time="0.006261"/>
        <testcase name="test_debug_logging" class="ScreenlyCast\Tests\ScreenlyCastAdminTest" classname="ScreenlyCast.Tests.ScreenlyCastAdminTest" file="/var/www/html/wp-content/plugins/screenly-cast/tests/test-screenly-cast-admin.php" line="85" assertions="2" time="0.001754"/>
      </testsuite>
      <testsuite name="ScreenlyCast\Tests\ScreenlyCastTest" file="/var/www/html/wp-content/plugins/screenly-cast/tests/test-screenly-cast.php" tests="5" assertions="6" errors="0" warnings="0" failures="1" skipped="0" time="0.037399">
        <testcase name="test_plugin_hooks" class="ScreenlyCast\Tests\ScreenlyCastTest" classname="ScreenlyCast.Tests.ScreenlyCastTest" file="/var/www/html/wp-content/plugins/screenly-cast/tests/test-screenly-cast.php" line="54" assertions="1" time="0.000529"/>
        <testcase name="test_activation" class="ScreenlyCast\Tests\ScreenlyCastTest" classname="ScreenlyCast.Tests.ScreenlyCastTest" file="/var/www/html/wp-content/plugins/screenly-cast/tests/test-screenly-cast.php" line="63" assertions="1" time="0.016829"/>
        <testcase name="test_init" class="ScreenlyCast\Tests\ScreenlyCastTest" classname="ScreenlyCast.Tests.ScreenlyCastTest" file="/var/www/html/wp-content/plugins/screenly-cast/tests/test-screenly-cast.php" line="71" assertions="2" time="0.001462">
          <failure type="PHPUnit\Framework\ExpectationFailedException">ScreenlyCast\Tests\ScreenlyCastTest::test_init
Unexpected incorrect usage notice for add_theme_support( 'title-tag' ).
Theme support for &lt;code&gt;title-tag&lt;/code&gt; should be registered before the &lt;code&gt;wp_loaded&lt;/code&gt; hook. (This message was added in version 4.1.0.)
Failed asserting that an array is empty.

/tmp/wordpress-tests-lib/includes/abstract-testcase.php:643
/tmp/wordpress-tests-lib/includes/abstract-testcase.php:655
/var/www/html/wp-content/plugins/screenly-cast/vendor/yoast/phpunit-polyfills/src/TestCases/TestCasePHPUnitGte8.php:84</failure>
        </testcase>
        <testcase name="test_admin_theme_handling" class="ScreenlyCast\Tests\ScreenlyCastTest" classname="ScreenlyCast.Tests.ScreenlyCastTest" file="/var/www/html/wp-content/plugins/screenly-cast/tests/test-screenly-cast.php" line="80" assertions="1" time="0.016460"/>
        <testcase name="test_parse_query" class="ScreenlyCast\Tests\ScreenlyCastTest" classname="ScreenlyCast.Tests.ScreenlyCastTest" file="/var/www/html/wp-content/plugins/screenly-cast/tests/test-screenly-cast.php" line="88" assertions="1" time="0.002118"/>
      </testsuite>
      <testsuite name="ScreenlyCast\Tests\TestSettings" file="/var/www/html/wp-content/plugins/screenly-cast/tests/test-settings.php" tests="3" assertions="6" errors="0" warnings="0" failures="0" skipped="0" time="0.003198">
        <testcase name="testAddSettingsPage" class="ScreenlyCast\Tests\TestSettings" classname="ScreenlyCast.Tests.TestSettings" file="/var/www/html/wp-content/plugins/screenly-cast/tests/test-settings.php" line="35" assertions="1" time="0.000697"/>
        <testcase name="testSanitizeCacheDuration" class="ScreenlyCast\Tests\TestSettings" classname="ScreenlyCast.Tests.TestSettings" file="/var/www/html/wp-content/plugins/screenly-cast/tests/test-settings.php" line="45" assertions="4" time="0.000924"/>
        <testcase name="testRegisterSettings" class="ScreenlyCast\Tests\TestSettings" classname="ScreenlyCast.Tests.TestSettings" file="/var/www/html/wp-content/plugins/screenly-cast/tests/test-settings.php" line="55" assertions="1" time="0.001578"/>
      </testsuite>
      <testsuite name="ScreenlyCast\Tests\TestThemeInstaller" file="/var/www/html/wp-content/plugins/screenly-cast/tests/test-theme-installer.php" tests="3" assertions="3" errors="0" warnings="0" failures="0" skipped="0" time="0.033085">
        <testcase name="testThemeInstallation" class="ScreenlyCast\Tests\TestThemeInstaller" classname="ScreenlyCast.Tests.TestThemeInstaller" file="/var/www/html/wp-content/plugins/screenly-cast/tests/test-theme-installer.php" line="36" assertions="1" time="0.013154"/>
        <testcase name="testThemeSwitch" class="ScreenlyCast\Tests\TestThemeInstaller" classname="ScreenlyCast.Tests.TestThemeInstaller" file="/var/www/html/wp-content/plugins/screenly-cast/tests/test-theme-installer.php" line="45" assertions="1" time="0.015682"/>
        <testcase name="testThemeRemoval" class="ScreenlyCast\Tests\TestThemeInstaller" classname="ScreenlyCast.Tests.TestThemeInstaller" file="/var/www/html/wp-content/plugins/screenly-cast/tests/test-theme-installer.php" line="56" assertions="1" time="0.004249"/>
      </testsuite>
      <testsuite name="ScreenlyCast\Tests\TestThemeManager" file="/var/www/html/wp-content/plugins/screenly-cast/tests/test-theme-manager.php" tests="2" assertions="2" errors="0" warnings="0" failures="0" skipped="0" time="0.106498">
        <testcase name="testRegisterThemeDirectory" class="ScreenlyCast\Tests\TestThemeManager" classname="ScreenlyCast.Tests.TestThemeManager" file="/var/www/html/wp-content/plugins/screenly-cast/tests/test-theme-manager.php" line="38" assertions="1" time="0.012540"/>
        <testcase name="testSwitchToScreenlyTheme" class="ScreenlyCast\Tests\TestThemeManager" classname="ScreenlyCast.Tests.TestThemeManager" file="/var/www/html/wp-content/plugins/screenly-cast/tests/test-theme-manager.php" line="48" assertions="1" time="0.093959"/>
      </testsuite>
      <testsuite name="ScreenlyCast\Tests\TestVersionChecker" file="/var/www/html/wp-content/plugins/screenly-cast/tests/test-version-checker.php" tests="4" assertions="4" errors="0" warnings="0" failures="0" skipped="0" time="0.000075">
        <testcase name="testGetWordPressVersion" class="ScreenlyCast\Tests\TestVersionChecker" classname="ScreenlyCast.Tests.TestVersionChecker" file="/var/www/html/wp-content/plugins/screenly-cast/tests/test-version-checker.php" line="26" assertions="1" time="0.000036"/>
        <testcase name="testGetRequiredWordPressVersion" class="ScreenlyCast\Tests\TestVersionChecker" classname="ScreenlyCast.Tests.TestVersionChecker" file="/var/www/html/wp-content/plugins/screenly-cast/tests/test-version-checker.php" line="31" assertions="1" time="0.000012"/>
        <testcase name="testIsCompatibleWithCompatibleVersion" class="ScreenlyCast\Tests\TestVersionChecker" classname="ScreenlyCast.Tests.TestVersionChecker" file="/var/www/html/wp-content/plugins/screenly-cast/tests/test-version-checker.php" line="35" assertions="1" time="0.000019"/>
        <testcase name="testIsCompatibleWithIncompatibleVersion" class="ScreenlyCast\Tests\TestVersionChecker" classname="ScreenlyCast.Tests.TestVersionChecker" file="/var/www/html/wp-content/plugins/screenly-cast/tests/test-version-checker.php" line="42" assertions="1" time="0.000009"/>
      </testsuite>
    </testsuite>
  </testsuite>
</testsuites>
